{"level":"info","message":"Running hasUsers()","timestamp":"2016-01-23T23:13:16.071Z"}
{"level":"info","message":"Starting process","timestamp":"2016-01-23T23:13:16.073Z"}
{"level":"info","message":"Getting song details for qp7KX1h3i_w","timestamp":"2016-01-23T23:13:16.073Z"}
{"level":"info","message":"Getting song data qp7KX1h3i_w","timestamp":"2016-01-23T23:13:16.073Z"}
{"level":"info","message":"Got song data qp7KX1h3i_w","timestamp":"2016-01-23T23:13:16.282Z"}
{"level":"info","message":"Got song details for qp7KX1h3i_w and setting up interval","timestamp":"2016-01-23T23:13:16.283Z"}
{"level":"info","message":"Firing socket.io newSong callback","timestamp":"2016-01-23T23:13:16.285Z"}
{"level":"info","message":"Running hasUsers()","timestamp":"2016-01-23T23:14:17.879Z"}
{"level":"info","message":"Starting process","timestamp":"2016-01-23T23:14:17.881Z"}
{"level":"info","message":"Getting song details for qp7KX1h3i_w","timestamp":"2016-01-23T23:14:17.881Z"}
{"level":"info","message":"Getting song data qp7KX1h3i_w","timestamp":"2016-01-23T23:14:17.882Z"}
{"level":"info","message":"Got song data qp7KX1h3i_w","timestamp":"2016-01-23T23:14:18.205Z"}
{"level":"info","message":"Got song details for qp7KX1h3i_w and setting up interval","timestamp":"2016-01-23T23:14:18.206Z"}
{"level":"info","message":"Firing socket.io newSong callback","timestamp":"2016-01-23T23:14:18.219Z"}
{"level":"info","message":"Firing socket.io newSong callback","timestamp":"2016-01-23T23:14:18.220Z"}
{"level":"info","message":"Running hasUsers()","timestamp":"2016-01-23T23:15:10.920Z"}
{"level":"info","message":"Starting process","timestamp":"2016-01-23T23:15:10.922Z"}
{"level":"info","message":"Getting song details for qp7KX1h3i_w","timestamp":"2016-01-23T23:15:10.922Z"}
{"level":"info","message":"Getting song data qp7KX1h3i_w","timestamp":"2016-01-23T23:15:10.922Z"}
{"level":"info","message":"Got song data qp7KX1h3i_w","timestamp":"2016-01-23T23:15:11.203Z"}
{"level":"info","message":"Got song details for qp7KX1h3i_w and setting up interval","timestamp":"2016-01-23T23:15:11.204Z"}
{"level":"info","message":"Firing socket.io newSong callback","timestamp":"2016-01-23T23:15:11.207Z"}
{"level":"info","message":"Running hasUsers()","timestamp":"2016-01-23T23:15:35.896Z"}
{"level":"info","message":"Starting process","timestamp":"2016-01-23T23:15:35.898Z"}
{"level":"info","message":"Getting song details for qp7KX1h3i_w","timestamp":"2016-01-23T23:15:35.899Z"}
{"level":"info","message":"Getting song data qp7KX1h3i_w","timestamp":"2016-01-23T23:15:35.899Z"}
{"level":"info","message":"Got song data qp7KX1h3i_w","timestamp":"2016-01-23T23:15:36.122Z"}
{"level":"info","message":"Got song details for qp7KX1h3i_w and setting up interval","timestamp":"2016-01-23T23:15:36.123Z"}
{"level":"info","message":"Firing socket.io newSong callback","timestamp":"2016-01-23T23:15:36.125Z"}
{"level":"info","message":"Running hasUsers()","timestamp":"2016-01-23T23:15:58.900Z"}
{"level":"info","message":"Starting process","timestamp":"2016-01-23T23:15:58.901Z"}
{"level":"info","message":"Getting song details for qp7KX1h3i_w","timestamp":"2016-01-23T23:15:58.901Z"}
{"level":"info","message":"Getting song data qp7KX1h3i_w","timestamp":"2016-01-23T23:15:58.901Z"}
{"level":"info","message":"Got song data qp7KX1h3i_w","timestamp":"2016-01-23T23:15:59.081Z"}
{"level":"info","message":"Got song details for qp7KX1h3i_w and setting up interval","timestamp":"2016-01-23T23:15:59.081Z"}
{"level":"info","message":"Firing socket.io newSong callback","timestamp":"2016-01-23T23:15:59.084Z"}
{"level":"info","message":"Running hasUsers()","timestamp":"2016-01-23T23:17:59.914Z"}
{"level":"info","message":"Starting process","timestamp":"2016-01-23T23:17:59.916Z"}
{"level":"info","message":"Getting song details for qp7KX1h3i_w","timestamp":"2016-01-23T23:17:59.917Z"}
{"level":"info","message":"Getting song data qp7KX1h3i_w","timestamp":"2016-01-23T23:17:59.917Z"}
{"level":"info","message":"Got song data qp7KX1h3i_w","timestamp":"2016-01-23T23:18:00.095Z"}
{"level":"info","message":"Got song details for qp7KX1h3i_w and setting up interval","timestamp":"2016-01-23T23:18:00.096Z"}
{"level":"info","message":"Firing socket.io newSong callback","timestamp":"2016-01-23T23:18:00.099Z"}
{"level":"info","message":"Running hasUsers()","timestamp":"2016-01-23T23:18:16.302Z"}
{"level":"info","message":"Starting process","timestamp":"2016-01-23T23:18:16.304Z"}
{"level":"info","message":"Getting song details for qp7KX1h3i_w","timestamp":"2016-01-23T23:18:16.304Z"}
{"level":"info","message":"Getting song data qp7KX1h3i_w","timestamp":"2016-01-23T23:18:16.304Z"}
{"level":"info","message":"Got song data qp7KX1h3i_w","timestamp":"2016-01-23T23:18:16.490Z"}
{"level":"info","message":"Got song details for qp7KX1h3i_w and setting up interval","timestamp":"2016-01-23T23:18:16.491Z"}
{"level":"info","message":"Firing socket.io newSong callback","timestamp":"2016-01-23T23:18:16.497Z"}
{"level":"info","message":"Running hasUsers()","timestamp":"2016-01-23T23:19:00.094Z"}
{"level":"info","message":"Starting process","timestamp":"2016-01-23T23:19:00.095Z"}
{"level":"info","message":"Getting song details for qp7KX1h3i_w","timestamp":"2016-01-23T23:19:00.096Z"}
{"level":"info","message":"Getting song data qp7KX1h3i_w","timestamp":"2016-01-23T23:19:00.096Z"}
{"level":"info","message":"Got song data qp7KX1h3i_w","timestamp":"2016-01-23T23:19:00.396Z"}
{"level":"info","message":"Got song details for qp7KX1h3i_w and setting up interval","timestamp":"2016-01-23T23:19:00.397Z"}
{"level":"info","message":"Firing socket.io newSong callback","timestamp":"2016-01-23T23:19:00.402Z"}
{"level":"info","message":"Running hasUsers()","timestamp":"2016-01-23T23:19:16.927Z"}
{"level":"info","message":"Starting process","timestamp":"2016-01-23T23:19:16.928Z"}
{"level":"info","message":"Getting song details for qp7KX1h3i_w","timestamp":"2016-01-23T23:19:16.928Z"}
{"level":"info","message":"Getting song data qp7KX1h3i_w","timestamp":"2016-01-23T23:19:16.928Z"}
{"level":"info","message":"Got song data qp7KX1h3i_w","timestamp":"2016-01-23T23:19:17.120Z"}
{"level":"info","message":"Got song details for qp7KX1h3i_w and setting up interval","timestamp":"2016-01-23T23:19:17.121Z"}
{"level":"info","message":"Firing socket.io newSong callback","timestamp":"2016-01-23T23:19:17.124Z"}
{"level":"info","message":"Running hasUsers()","timestamp":"2016-01-23T23:20:21.879Z"}
{"level":"info","message":"Starting process","timestamp":"2016-01-23T23:20:21.880Z"}
{"level":"info","message":"Getting song details for qp7KX1h3i_w","timestamp":"2016-01-23T23:20:21.881Z"}
{"level":"info","message":"Getting song data qp7KX1h3i_w","timestamp":"2016-01-23T23:20:21.881Z"}
{"level":"info","message":"Got song data qp7KX1h3i_w","timestamp":"2016-01-23T23:20:22.060Z"}
{"level":"info","message":"Got song details for qp7KX1h3i_w and setting up interval","timestamp":"2016-01-23T23:20:22.061Z"}
{"level":"info","message":"Firing socket.io newSong callback","timestamp":"2016-01-23T23:20:22.063Z"}
{"level":"info","message":"Running hasUsers()","timestamp":"2016-01-23T23:21:10.014Z"}
{"level":"info","message":"Starting process","timestamp":"2016-01-23T23:21:10.017Z"}
{"level":"info","message":"Getting song details for qp7KX1h3i_w","timestamp":"2016-01-23T23:21:10.017Z"}
{"level":"info","message":"Getting song data qp7KX1h3i_w","timestamp":"2016-01-23T23:21:10.017Z"}
{"level":"info","message":"Got song data qp7KX1h3i_w","timestamp":"2016-01-23T23:21:10.277Z"}
{"level":"info","message":"Got song details for qp7KX1h3i_w and setting up interval","timestamp":"2016-01-23T23:21:10.278Z"}
{"level":"info","message":"Firing socket.io newSong callback","timestamp":"2016-01-23T23:21:10.279Z"}
{"level":"info","message":"Firing socket.io newSong callback","timestamp":"2016-01-23T23:21:10.280Z"}
{"level":"info","message":"Running hasUsers()","timestamp":"2016-01-23T23:21:27.630Z"}
{"level":"info","message":"Starting process","timestamp":"2016-01-23T23:21:27.632Z"}
{"level":"info","message":"Getting song details for qp7KX1h3i_w","timestamp":"2016-01-23T23:21:27.633Z"}
{"level":"info","message":"Getting song data qp7KX1h3i_w","timestamp":"2016-01-23T23:21:27.634Z"}
{"level":"info","message":"Got song data qp7KX1h3i_w","timestamp":"2016-01-23T23:21:27.934Z"}
{"level":"info","message":"Got song details for qp7KX1h3i_w and setting up interval","timestamp":"2016-01-23T23:21:27.935Z"}
{"level":"info","message":"Firing socket.io newSong callback","timestamp":"2016-01-23T23:21:27.938Z"}
{"level":"info","message":"Running hasUsers()","timestamp":"2016-01-23T23:21:33.943Z"}
{"level":"info","message":"Starting process","timestamp":"2016-01-23T23:21:33.945Z"}
{"level":"info","message":"Getting song details for qp7KX1h3i_w","timestamp":"2016-01-23T23:21:33.945Z"}
{"level":"info","message":"Getting song data qp7KX1h3i_w","timestamp":"2016-01-23T23:21:33.946Z"}
{"level":"info","message":"Got song data qp7KX1h3i_w","timestamp":"2016-01-23T23:21:34.194Z"}
{"level":"info","message":"Got song details for qp7KX1h3i_w and setting up interval","timestamp":"2016-01-23T23:21:34.195Z"}
{"level":"info","message":"Firing socket.io newSong callback","timestamp":"2016-01-23T23:21:34.198Z"}
{"level":"info","message":"Running hasUsers()","timestamp":"2016-01-23T23:23:56.644Z"}
{"level":"info","message":"Starting process","timestamp":"2016-01-23T23:23:56.646Z"}
{"level":"info","message":"Getting song details for qp7KX1h3i_w","timestamp":"2016-01-23T23:23:56.646Z"}
{"level":"info","message":"Getting song data qp7KX1h3i_w","timestamp":"2016-01-23T23:23:56.646Z"}
{"level":"info","message":"Got song data qp7KX1h3i_w","timestamp":"2016-01-23T23:23:56.867Z"}
{"level":"info","message":"Got song details for qp7KX1h3i_w and setting up interval","timestamp":"2016-01-23T23:23:56.868Z"}
{"level":"info","message":"Firing socket.io newSong callback","timestamp":"2016-01-23T23:23:56.875Z"}
{"level":"info","message":"Firing socket.io newSong callback","timestamp":"2016-01-23T23:23:56.877Z"}
{"level":"info","message":"Running hasUsers()","timestamp":"2016-01-23T23:24:11.904Z"}
{"level":"info","message":"Starting process","timestamp":"2016-01-23T23:24:11.905Z"}
{"level":"info","message":"Getting song details for qp7KX1h3i_w","timestamp":"2016-01-23T23:24:11.906Z"}
{"level":"info","message":"Getting song data qp7KX1h3i_w","timestamp":"2016-01-23T23:24:11.906Z"}
{"level":"info","message":"Got song data qp7KX1h3i_w","timestamp":"2016-01-23T23:24:12.074Z"}
{"level":"info","message":"Got song details for qp7KX1h3i_w and setting up interval","timestamp":"2016-01-23T23:24:12.074Z"}
{"level":"info","message":"Firing socket.io newSong callback","timestamp":"2016-01-23T23:24:12.076Z"}
{"level":"info","message":"Running hasUsers()","timestamp":"2016-01-23T23:24:52.041Z"}
{"level":"info","message":"Starting process","timestamp":"2016-01-23T23:24:52.043Z"}
{"level":"info","message":"Getting song details for qp7KX1h3i_w","timestamp":"2016-01-23T23:24:52.044Z"}
{"level":"info","message":"Getting song data qp7KX1h3i_w","timestamp":"2016-01-23T23:24:52.044Z"}
{"level":"info","message":"Got song data qp7KX1h3i_w","timestamp":"2016-01-23T23:24:52.287Z"}
{"level":"info","message":"Got song details for qp7KX1h3i_w and setting up interval","timestamp":"2016-01-23T23:24:52.288Z"}
{"level":"info","message":"Firing socket.io newSong callback","timestamp":"2016-01-23T23:24:52.291Z"}
{"level":"info","message":"Running hasUsers()","timestamp":"2016-01-23T23:25:00.247Z"}
{"level":"info","message":"Starting process","timestamp":"2016-01-23T23:25:00.249Z"}
{"level":"info","message":"Getting song details for qp7KX1h3i_w","timestamp":"2016-01-23T23:25:00.249Z"}
{"level":"info","message":"Getting song data qp7KX1h3i_w","timestamp":"2016-01-23T23:25:00.250Z"}
{"level":"info","message":"Got song data qp7KX1h3i_w","timestamp":"2016-01-23T23:25:00.530Z"}
{"level":"info","message":"Got song details for qp7KX1h3i_w and setting up interval","timestamp":"2016-01-23T23:25:00.532Z"}
{"level":"info","message":"Firing socket.io newSong callback","timestamp":"2016-01-23T23:25:00.544Z"}
{"level":"info","message":"Running hasUsers()","timestamp":"2016-01-23T23:27:18.968Z"}
{"level":"info","message":"Starting process","timestamp":"2016-01-23T23:27:18.970Z"}
{"level":"info","message":"Getting song details for qp7KX1h3i_w","timestamp":"2016-01-23T23:27:18.970Z"}
{"level":"info","message":"Getting song data qp7KX1h3i_w","timestamp":"2016-01-23T23:27:18.970Z"}
{"level":"info","message":"Got song data qp7KX1h3i_w","timestamp":"2016-01-23T23:27:19.193Z"}
{"level":"info","message":"Got song details for qp7KX1h3i_w and setting up interval","timestamp":"2016-01-23T23:27:19.196Z"}
{"level":"info","message":"Firing socket.io newSong callback","timestamp":"2016-01-23T23:27:19.203Z"}
{"level":"info","message":"Firing socket.io newSong callback","timestamp":"2016-01-23T23:27:19.204Z"}
{"level":"info","message":"Running hasUsers()","timestamp":"2016-01-23T23:27:44.141Z"}
{"level":"info","message":"Starting process","timestamp":"2016-01-23T23:27:44.143Z"}
{"level":"info","message":"Getting song details for qp7KX1h3i_w","timestamp":"2016-01-23T23:27:44.144Z"}
{"level":"info","message":"Getting song data qp7KX1h3i_w","timestamp":"2016-01-23T23:27:44.146Z"}
{"level":"info","message":"Got song data qp7KX1h3i_w","timestamp":"2016-01-23T23:27:44.527Z"}
{"level":"info","message":"Got song details for qp7KX1h3i_w and setting up interval","timestamp":"2016-01-23T23:27:44.531Z"}
{"level":"info","message":"Firing socket.io newSong callback","timestamp":"2016-01-23T23:27:44.536Z"}
{"level":"info","message":"Running hasUsers()","timestamp":"2016-01-23T23:28:16.404Z"}
{"level":"info","message":"Starting process","timestamp":"2016-01-23T23:28:16.406Z"}
{"level":"info","message":"Getting song details for qp7KX1h3i_w","timestamp":"2016-01-23T23:28:16.406Z"}
{"level":"info","message":"Getting song data qp7KX1h3i_w","timestamp":"2016-01-23T23:28:16.406Z"}
{"level":"info","message":"Got song data qp7KX1h3i_w","timestamp":"2016-01-23T23:28:16.688Z"}
{"level":"info","message":"Got song details for qp7KX1h3i_w and setting up interval","timestamp":"2016-01-23T23:28:16.690Z"}
{"level":"info","message":"Firing socket.io newSong callback","timestamp":"2016-01-23T23:28:16.693Z"}
{"level":"info","message":"Running hasUsers()","timestamp":"2016-01-23T23:28:38.508Z"}
{"level":"info","message":"Starting process","timestamp":"2016-01-23T23:28:38.509Z"}
{"level":"info","message":"Getting song details for qp7KX1h3i_w","timestamp":"2016-01-23T23:28:38.510Z"}
{"level":"info","message":"Getting song data qp7KX1h3i_w","timestamp":"2016-01-23T23:28:38.510Z"}
{"level":"info","message":"Got song data qp7KX1h3i_w","timestamp":"2016-01-23T23:28:38.725Z"}
{"level":"info","message":"Got song details for qp7KX1h3i_w and setting up interval","timestamp":"2016-01-23T23:28:38.725Z"}
{"level":"info","message":"Firing socket.io newSong callback","timestamp":"2016-01-23T23:28:38.730Z"}
{"level":"info","message":"Running noUsers()","timestamp":"2016-01-23T23:28:43.818Z"}
{"level":"info","message":"Stopping process","timestamp":"2016-01-23T23:28:43.818Z"}
{"level":"info","message":"Running hasUsers()","timestamp":"2016-01-23T23:28:54.052Z"}
{"level":"info","message":"Starting process","timestamp":"2016-01-23T23:28:54.053Z"}
{"level":"info","message":"Getting song details for qp7KX1h3i_w","timestamp":"2016-01-23T23:28:54.053Z"}
{"level":"info","message":"Getting song data qp7KX1h3i_w","timestamp":"2016-01-23T23:28:54.053Z"}
{"level":"info","message":"Got song data qp7KX1h3i_w","timestamp":"2016-01-23T23:28:54.161Z"}
{"level":"info","message":"Got song details for qp7KX1h3i_w and setting up interval","timestamp":"2016-01-23T23:28:54.162Z"}
{"level":"info","message":"Firing socket.io newSong callback","timestamp":"2016-01-23T23:28:54.163Z"}
{"level":"info","message":"Running noUsers()","timestamp":"2016-01-23T23:29:09.135Z"}
{"level":"info","message":"Stopping process","timestamp":"2016-01-23T23:29:09.135Z"}
